<?xml version="1.0" encoding="UTF-8"?>
<!-- Generated by org.testng.reporters.JUnitReportReporter -->
<testsuite hostname="DESKTOP-BBORN83" failures="0" tests="1" name="DemoPackage.DemoTest" time="15.967" errors="0" timestamp="2020-01-21T20:35:53 CET" skipped="0">
  <testcase classname="DemoPackage.DemoTest" name="testMethod3" time="15.967"/>
</testsuite> <!-- DemoPackage.DemoTest -->
